<?xml version="1.0" encoding="UTF-8" ?>
<testsuite errors="0" failures="0" hostname="Rehans-MacBook-Air.local" name="com.oceanview.connection.DBConnectionTest" skipped="0" tests="2" time="0.461" timestamp="2026-03-01T04:55:55">
  <properties>
[...]
</properties>
  <testcase classname="com.oceanview.connection.DBConnectionTest" name="testSingletonInstance" time="0.29" />
  <testcase classname="com.oceanview.connection.DBConnectionTest" name="testDatabaseConnectionNotNull" time="0.0" />
  <system-out><![CDATA[]]></system-out>
  <system-err><![CDATA[]]></system-err>
</testsuite>
